#
# There is insufficient memory for the Java Runtime Environment to continue.
# Native memory allocation (malloc) failed to allocate 96468992 bytes for committing reserved memory.
# Possible reasons:
#   The system is out of physical RAM or swap space
#   In 32 bit mode, the process size limit was hit
# Possible solutions:
#   Reduce memory load on the system
#   Increase physical memory or swap space
#   Check if swap backing store is full
#   Use 64 bit Java on a 64 bit OS
#   Decrease Java heap size (-Xmx/-Xms)
#   Decrease number of Java threads
#   Decrease Java thread stack sizes (-Xss)
#   Set larger code cache with -XX:ReservedCodeCacheSize=
# This output file may be truncated or incomplete.
#
#  Out of Memory Error (os_linux.cpp:2756), pid=7259, tid=140495516235520
#
# JRE version: Java(TM) SE Runtime Environment (7.0_80-b15) (build 1.7.0_80-b15)
# Java VM: Java HotSpot(TM) 64-Bit Server VM (24.80-b11 mixed mode linux-amd64 compressed oops)
# Failed to write core dump. Core dumps have been disabled. To enable core dumping, try "ulimit -c unlimited" before starting Java again
#

---------------  T H R E A D  ---------------

Current thread (0x00007fc7b406a800):  VMThread [stack: 0x00007fc7a9467000,0x00007fc7a9568000] [id=7269]

Stack: [0x00007fc7a9467000,0x00007fc7a9568000],  sp=0x00007fc7a9565fc0,  free space=1019k
Native frames: (J=compiled Java code, j=interpreted, Vv=VM code, C=native code)
V  [libjvm.so+0x9a320a]  VMError::report_and_die()+0x2ea
V  [libjvm.so+0x498d3b]  report_vm_out_of_memory(char const*, int, unsigned long, char const*)+0x9b
V  [libjvm.so+0x82191e]  os::Linux::commit_memory_impl(char*, unsigned long, bool)+0xfe
V  [libjvm.so+0x821e69]  os::pd_commit_memory(char*, unsigned long, unsigned long, bool)+0x29
V  [libjvm.so+0x81bb6a]  os::commit_memory(char*, unsigned long, unsigned long, bool)+0x2a
V  [libjvm.so+0x88d623]  PSVirtualSpace::expand_by(unsigned long)+0x53
V  [libjvm.so+0x88e9f8]  PSYoungGen::resize_generation(unsigned long, unsigned long)+0xf8
V  [libjvm.so+0x88db62]  PSYoungGen::resize(unsigned long, unsigned long)+0x22
V  [libjvm.so+0x88af1d]  PSScavenge::invoke_no_policy()+0xf3d
V  [libjvm.so+0x88b761]  PSScavenge::invoke()+0x41
V  [libjvm.so+0x843f40]  ParallelScavengeHeap::failed_mem_allocate(unsigned long)+0x70
V  [libjvm.so+0x9a4a97]  VM_ParallelGCFailedAllocation::doit()+0x97
V  [libjvm.so+0x9abf35]  VM_Operation::evaluate()+0x55
V  [libjvm.so+0x9aa2fa]  VMThread::evaluate_operation(VM_Operation*)+0xba
V  [libjvm.so+0x9aa67e]  VMThread::loop()+0x1ce
V  [libjvm.so+0x9aaaf0]  VMThread::run()+0x70
V  [libjvm.so+0x8238c8]  java_start(Thread*)+0x108

VM_Operation (0x00007fc7bb325270): ParallelGCFailedAllocation, mode: safepoint, requested by thread 0x00007fc7b400a800


---------------  P R O C E S S  ---------------

Java Threads: ( => current thread )
  0x00007fc7b4099000 JavaThread "Service Thread" daemon [_thread_blocked, id=7275, stack(0x00007fc7a8776000,0x00007fc7a8877000)]
  0x00007fc7b4097000 JavaThread "C2 CompilerThread1" daemon [_thread_blocked, id=7274, stack(0x00007fc7a8877000,0x00007fc7a8978000)]
  0x00007fc7b4094000 JavaThread "C2 CompilerThread0" daemon [_thread_blocked, id=7273, stack(0x00007fc7a8978000,0x00007fc7a8a79000)]
  0x00007fc7b4092000 JavaThread "Signal Dispatcher" daemon [_thread_blocked, id=7272, stack(0x00007fc7a8a79000,0x00007fc7a8b7a000)]
  0x00007fc7b4070800 JavaThread "Finalizer" daemon [_thread_blocked, id=7271, stack(0x00007fc7a9265000,0x00007fc7a9366000)]
  0x00007fc7b406e800 JavaThread "Reference Handler" daemon [_thread_blocked, id=7270, stack(0x00007fc7a9366000,0x00007fc7a9467000)]
  0x00007fc7b400a800 JavaThread "main" [_thread_blocked, id=7264, stack(0x00007fc7bb226000,0x00007fc7bb327000)]

Other Threads:
=>0x00007fc7b406a800 VMThread [stack: 0x00007fc7a9467000,0x00007fc7a9568000] [id=7269]
  0x00007fc7b40a4000 WatcherThread [stack: 0x00007fc7a8675000,0x00007fc7a8776000] [id=7276]

VM state:at safepoint (normal execution)

VM Mutex/Monitor currently owned by a thread:  ([mutex/lock_event])
[0x00007fc7b4006c30] Threads_lock - owner thread: 0x00007fc7b406a800
[0x00007fc7b4007130] Heap_lock - owner thread: 0x00007fc7b400a800

Heap
 PSYoungGen      total 66048K, used 2544K [0x00000000eaa80000, 0x00000000eed80000, 0x0000000100000000)
  eden space 63488K, 0% used [0x00000000eaa80000,0x00000000eaa80000,0x00000000ee880000)
  from space 2560K, 99% used [0x00000000ee880000,0x00000000eeafc050,0x00000000eeb00000)
  to   space 2560K, 0% used [0x00000000eeb00000,0x00000000eeb00000,0x00000000eed80000)
 ParOldGen       total 41472K, used 34151K [0x00000000c0000000, 0x00000000c2880000, 0x00000000eaa80000)
  object space 41472K, 82% used [0x00000000c0000000,0x00000000c2159c58,0x00000000c2880000)
 PSPermGen       total 21504K, used 7128K [0x00000000bae00000, 0x00000000bc300000, 0x00000000c0000000)
  object space 21504K, 33% used [0x00000000bae00000,0x00000000bb4f6240,0x00000000bc300000)

Card table byte_map: [0x00007fc7b82ea000,0x00007fc7b8514000] byte_map_base: 0x00007fc7b7d13000

Polling page: 0x00007fc7bb344000

Code Cache  [0x00007fc7b1000000, 0x00007fc7b1270000, 0x00007fc7b4000000)
 total_blobs=950 nmethods=700 adapters=203 free_code_cache=47165Kb largest_free_block=48236608

Compilation events (10 events):
Event: 4,945 Thread 0x00007fc7b4097000 nmethod 724 0x00007fc7b115cb90 code [0x00007fc7b115cce0, 0x00007fc7b115ce78]
Event: 4,945 Thread 0x00007fc7b4097000  725             com.android.dx.io.instructions.InstructionCodec$6::encode (26 bytes)
Event: 4,947 Thread 0x00007fc7b4094000 nmethod 701 0x00007fc7b11f8d10 code [0x00007fc7b11f9180, 0x00007fc7b11fbab0]
Event: 4,947 Thread 0x00007fc7b4097000 nmethod 725 0x00007fc7b11ccf90 code [0x00007fc7b11cd0e0, 0x00007fc7b11cd258]
Event: 4,947 Thread 0x00007fc7b4097000  726             com.android.dx.io.instructions.DecodedInstruction::getTargetByte (48 bytes)
Event: 4,947 Thread 0x00007fc7b4094000  727             com.android.dx.io.instructions.ThreeRegisterDecodedInstruction::withIndex (41 bytes)
Event: 4,948 Thread 0x00007fc7b4097000 nmethod 726 0x00007fc7b115c950 code [0x00007fc7b115ca80, 0x00007fc7b115caf8]
Event: 4,948 Thread 0x00007fc7b4097000  728             com.android.dx.io.instructions.ThreeRegisterDecodedInstruction::getRegisterCount (2 bytes)
Event: 4,948 Thread 0x00007fc7b4097000 nmethod 728 0x00007fc7b11ccd90 code [0x00007fc7b11ccec0, 0x00007fc7b11ccf18]
Event: 4,950 Thread 0x00007fc7b4094000 nmethod 727 0x00007fc7b11cc690 code [0x00007fc7b11cc7e0, 0x00007fc7b11ccab8]

GC Heap History (9 events):
Event: 1,834 GC heap before
{Heap before GC invocations=1 (full 0):
 PSYoungGen      total 18432K, used 15872K [0x00000000eaa80000, 0x00000000ebf00000, 0x0000000100000000)
  eden space 15872K, 100% used [0x00000000eaa80000,0x00000000eba00000,0x00000000eba00000)
  from space 2560K, 0% used [0x00000000ebc80000,0x00000000ebc80000,0x00000000ebf00000)
  to   space 2560K, 0% used [0x00000000eba00000,0x00000000eba00000,0x00000000ebc80000)
 ParOldGen       total 41472K, used 0K [0x00000000c0000000, 0x00000000c2880000, 0x00000000eaa80000)
  object space 41472K, 0% used [0x00000000c0000000,0x00000000c0000000,0x00000000c2880000)
 PSPermGen       total 21504K, used 4937K [0x00000000bae00000, 0x00000000bc300000, 0x00000000c0000000)
  object space 21504K, 22% used [0x00000000bae00000,0x00000000bb2d25b8,0x00000000bc300000)
Event: 1,851 GC heap after
Heap after GC invocations=1 (full 0):
 PSYoungGen      total 18432K, used 2544K [0x00000000eaa80000, 0x00000000ece80000, 0x0000000100000000)
  eden space 15872K, 0% used [0x00000000eaa80000,0x00000000eaa80000,0x00000000eba00000)
  from space 2560K, 99% used [0x00000000eba00000,0x00000000ebc7c028,0x00000000ebc80000)
  to   space 2560K, 0% used [0x00000000ecc00000,0x00000000ecc00000,0x00000000ece80000)
 ParOldGen       total 41472K, used 1770K [0x00000000c0000000, 0x00000000c2880000, 0x00000000eaa80000)
  object space 41472K, 4% used [0x00000000c0000000,0x00000000c01bab70,0x00000000c2880000)
 PSPermGen       total 21504K, used 4937K [0x00000000bae00000, 0x00000000bc300000, 0x00000000c0000000)
  object space 21504K, 22% used [0x00000000bae00000,0x00000000bb2d25b8,0x00000000bc300000)
}
Event: 2,317 GC heap before
{Heap before GC invocations=2 (full 0):
 PSYoungGen      total 18432K, used 18416K [0x00000000eaa80000, 0x00000000ece80000, 0x0000000100000000)
  eden space 15872K, 100% used [0x00000000eaa80000,0x00000000eba00000,0x00000000eba00000)
  from space 2560K, 99% used [0x00000000eba00000,0x00000000ebc7c028,0x00000000ebc80000)
  to   space 2560K, 0% used [0x00000000ecc00000,0x00000000ecc00000,0x00000000ece80000)
 ParOldGen       total 41472K, used 1770K [0x00000000c0000000, 0x00000000c2880000, 0x00000000eaa80000)
  object space 41472K, 4% used [0x00000000c0000000,0x00000000c01bab70,0x00000000c2880000)
 PSPermGen       total 21504K, used 5100K [0x00000000bae00000, 0x00000000bc300000, 0x00000000c0000000)
  object space 21504K, 23% used [0x00000000bae00000,0x00000000bb2fb058,0x00000000bc300000)
Event: 2,326 GC heap after
Heap after GC invocations=2 (full 0):
 PSYoungGen      total 34304K, used 2528K [0x00000000eaa80000, 0x00000000ece80000, 0x0000000100000000)
  eden space 31744K, 0% used [0x00000000eaa80000,0x00000000eaa80000,0x00000000ec980000)
  from space 2560K, 98% used [0x00000000ecc00000,0x00000000ece78028,0x00000000ece80000)
  to   space 2560K, 0% used [0x00000000ec980000,0x00000000ec980000,0x00000000ecc00000)
 ParOldGen       total 41472K, used 4501K [0x00000000c0000000, 0x00000000c2880000, 0x00000000eaa80000)
  object space 41472K, 10% used [0x00000000c0000000,0x00000000c0465628,0x00000000c2880000)
 PSPermGen       total 21504K, used 5100K [0x00000000bae00000, 0x00000000bc300000, 0x00000000c0000000)
  object space 21504K, 23% used [0x00000000bae00000,0x00000000bb2fb058,0x00000000bc300000)
}
Event: 4,241 GC heap before
{Heap before GC invocations=3 (full 0):
 PSYoungGen      total 34304K, used 34272K [0x00000000eaa80000, 0x00000000ece80000, 0x0000000100000000)
  eden space 31744K, 100% used [0x00000000eaa80000,0x00000000ec980000,0x00000000ec980000)
  from space 2560K, 98% used [0x00000000ecc00000,0x00000000ece78028,0x00000000ece80000)
  to   space 2560K, 0% used [0x00000000ec980000,0x00000000ec980000,0x00000000ecc00000)
 ParOldGen       total 41472K, used 4501K [0x00000000c0000000, 0x00000000c2880000, 0x00000000eaa80000)
  object space 41472K, 10% used [0x00000000c0000000,0x00000000c0465628,0x00000000c2880000)
 PSPermGen       total 21504K, used 7053K [0x00000000bae00000, 0x00000000bc300000, 0x00000000c0000000)
  object space 21504K, 32% used [0x00000000bae00000,0x00000000bb4e3538,0x00000000bc300000)
Event: 4,261 GC heap after
Heap after GC invocations=3 (full 0):
 PSYoungGen      total 34304K, used 2528K [0x00000000eaa80000, 0x00000000eed80000, 0x0000000100000000)
  eden space 31744K, 0% used [0x00000000eaa80000,0x00000000eaa80000,0x00000000ec980000)
  from space 2560K, 98% used [0x00000000ec980000,0x00000000ecbf8040,0x00000000ecc00000)
  to   space 2560K, 0% used [0x00000000eeb00000,0x00000000eeb00000,0x00000000eed80000)
 ParOldGen       total 41472K, used 9911K [0x00000000c0000000, 0x00000000c2880000, 0x00000000eaa80000)
  object space 41472K, 23% used [0x00000000c0000000,0x00000000c09adcb0,0x00000000c2880000)
 PSPermGen       total 21504K, used 7053K [0x00000000bae00000, 0x00000000bc300000, 0x00000000c0000000)
  object space 21504K, 32% used [0x00000000bae00000,0x00000000bb4e3538,0x00000000bc300000)
}
Event: 4,564 GC heap before
{Heap before GC invocations=4 (full 0):
 PSYoungGen      total 34304K, used 34272K [0x00000000eaa80000, 0x00000000eed80000, 0x0000000100000000)
  eden space 31744K, 100% used [0x00000000eaa80000,0x00000000ec980000,0x00000000ec980000)
  from space 2560K, 98% used [0x00000000ec980000,0x00000000ecbf8040,0x00000000ecc00000)
  to   space 2560K, 0% used [0x00000000eeb00000,0x00000000eeb00000,0x00000000eed80000)
 ParOldGen       total 41472K, used 9911K [0x00000000c0000000, 0x00000000c2880000, 0x00000000eaa80000)
  object space 41472K, 23% used [0x00000000c0000000,0x00000000c09adcb0,0x00000000c2880000)
 PSPermGen       total 21504K, used 7099K [0x00000000bae00000, 0x00000000bc300000, 0x00000000c0000000)
  object space 21504K, 33% used [0x00000000bae00000,0x00000000bb4eed90,0x00000000bc300000)
Event: 4,576 GC heap after
Heap after GC invocations=4 (full 0):
 PSYoungGen      total 66048K, used 2528K [0x00000000eaa80000, 0x00000000eed80000, 0x0000000100000000)
  eden space 63488K, 0% used [0x00000000eaa80000,0x00000000eaa80000,0x00000000ee880000)
  from space 2560K, 98% used [0x00000000eeb00000,0x00000000eed78040,0x00000000eed80000)
  to   space 2560K, 0% used [0x00000000ee880000,0x00000000ee880000,0x00000000eeb00000)
 ParOldGen       total 41472K, used 23164K [0x00000000c0000000, 0x00000000c2880000, 0x00000000eaa80000)
  object space 41472K, 55% used [0x00000000c0000000,0x00000000c169f250,0x00000000c2880000)
 PSPermGen       total 21504K, used 7099K [0x00000000bae00000, 0x00000000bc300000, 0x00000000c0000000)
  object space 21504K, 33% used [0x00000000bae00000,0x00000000bb4eed90,0x00000000bc300000)
}
Event: 4,958 GC heap before
{Heap before GC invocations=5 (full 0):
 PSYoungGen      total 66048K, used 66016K [0x00000000eaa80000, 0x00000000eed80000, 0x0000000100000000)
  eden space 63488K, 100% used [0x00000000eaa80000,0x00000000ee880000,0x00000000ee880000)
  from space 2560K, 98% used [0x00000000eeb00000,0x00000000eed78040,0x00000000eed80000)
  to   space 2560K, 0% used [0x00000000ee880000,0x00000000ee880000,0x00000000eeb00000)
 ParOldGen       total 41472K, used 23164K [0x00000000c0000000, 0x00000000c2880000, 0x00000000eaa80000)
  object space 41472K, 55% used [0x00000000c0000000,0x00000000c169f250,0x00000000c2880000)
 PSPermGen       total 21504K, used 7128K [0x00000000bae00000, 0x00000000bc300000, 0x00000000c0000000)
  object space 21504K, 33% used [0x00000000bae00000,0x00000000bb4f6240,0x00000000bc300000)

Deoptimization events (10 events):
Event: 4,332 Thread 0x00007fc7b400a800 Uncommon trap: reason=unstable_if action=reinterpret pc=0x00007fc7b11973d0 method=com.android.dex.EncodedValueCodec.readUnsignedInt(Lcom/android/dex/util/ByteInput;IZ)I @ 3
Event: 4,447 Thread 0x00007fc7b400a800 Uncommon trap: reason=predicate action=maybe_recompile pc=0x00007fc7b11c9d48 method=java.util.ComparableTimSort.binarySort([Ljava/lang/Object;III)V @ 37
Event: 4,449 Thread 0x00007fc7b400a800 Uncommon trap: reason=unstable_if action=reinterpret pc=0x00007fc7b117dab8 method=com.android.dex.Mutf8.decode(Lcom/android/dex/util/ByteInput;[C)Ljava/lang/String; @ 37
Event: 4,449 Thread 0x00007fc7b400a800 Uncommon trap: reason=unstable_if action=reinterpret pc=0x00007fc7b11abe14 method=com.android.dex.Mutf8.countBytes(Ljava/lang/String;Z)J @ 35
Event: 4,449 Thread 0x00007fc7b400a800 Uncommon trap: reason=unstable_if action=reinterpret pc=0x00007fc7b117e55c method=com.android.dex.Mutf8.encode([BILjava/lang/String;)V @ 31
Event: 4,524 Thread 0x00007fc7b400a800 Uncommon trap: reason=unloaded action=reinterpret pc=0x00007fc7b11bb680 method=com.android.dx.merge.IndexMap$EncodedValueTransformer.transform(Lcom/android/dex/EncodedValueReader;)V @ 263
Event: 4,674 Thread 0x00007fc7b400a800 Uncommon trap: reason=unstable_if action=reinterpret pc=0x00007fc7b11a6c58 method=com.android.dex.Mutf8.countBytes(Ljava/lang/String;Z)J @ 35
Event: 4,816 Thread 0x00007fc7b400a800 Uncommon trap: reason=array_check action=maybe_recompile pc=0x00007fc7b11dafe4 method=java.util.ComparableTimSort.binarySort([Ljava/lang/Object;III)V @ 193
Event: 4,821 Thread 0x00007fc7b400a800 Uncommon trap: reason=unstable_if action=reinterpret pc=0x00007fc7b11aa7ec method=com.android.dex.Mutf8.countBytes(Ljava/lang/String;Z)J @ 35
Event: 4,875 Thread 0x00007fc7b400a800 Uncommon trap: reason=predicate action=maybe_recompile pc=0x00007fc7b11dbc10 method=java.util.TimSort.binarySort([Ljava/lang/Object;IIILjava/util/Comparator;)V @ 37

Internal exceptions (10 events):
Event: 3,756 Thread 0x00007fc7b400a800 Threw 0x00000000ebd0b558 at /HUDSON/workspace/7u-2-build-linux-amd64/jdk7u80/2329/hotspot/src/share/vm/prims/jvm.cpp:1319
Event: 3,757 Thread 0x00007fc7b400a800 Threw 0x00000000ebd0e458 at /HUDSON/workspace/7u-2-build-linux-amd64/jdk7u80/2329/hotspot/src/share/vm/prims/jvm.cpp:1319
Event: 3,757 Thread 0x00007fc7b400a800 Threw 0x00000000ebd11770 at /HUDSON/workspace/7u-2-build-linux-amd64/jdk7u80/2329/hotspot/src/share/vm/prims/jvm.cpp:1319
Event: 3,759 Thread 0x00007fc7b400a800 Threw 0x00000000ebd58af0 at /HUDSON/workspace/7u-2-build-linux-amd64/jdk7u80/2329/hotspot/src/share/vm/prims/jvm.cpp:1319
Event: 3,759 Thread 0x00007fc7b400a800 Threw 0x00000000ebd5ab70 at /HUDSON/workspace/7u-2-build-linux-amd64/jdk7u80/2329/hotspot/src/share/vm/prims/jvm.cpp:1319
Event: 3,896 Thread 0x00007fc7b400a800 Threw 0x00000000ebe10b48 at /HUDSON/workspace/7u-2-build-linux-amd64/jdk7u80/2329/hotspot/src/share/vm/prims/jvm.cpp:1319
Event: 3,896 Thread 0x00007fc7b400a800 Threw 0x00000000ebe10c70 at /HUDSON/workspace/7u-2-build-linux-amd64/jdk7u80/2329/hotspot/src/share/vm/prims/jvm.cpp:1319
Event: 3,896 Thread 0x00007fc7b400a800 Threw 0x00000000ebe12fe0 at /HUDSON/workspace/7u-2-build-linux-amd64/jdk7u80/2329/hotspot/src/share/vm/prims/jvm.cpp:1319
Event: 3,896 Thread 0x00007fc7b400a800 Threw 0x00000000ebe13108 at /HUDSON/workspace/7u-2-build-linux-amd64/jdk7u80/2329/hotspot/src/share/vm/prims/jvm.cpp:1319
Event: 4,346 Thread 0x00007fc7b400a800 Threw 0x00000000eb26f690 at /HUDSON/workspace/7u-2-build-linux-amd64/jdk7u80/2329/hotspot/src/share/vm/prims/jvm.cpp:1319

Events (10 events):
Event: 4,864 Thread 0x00007fc7b4094000 flushing nmethod 0x00007fc7b115c790
Event: 4,864 Thread 0x00007fc7b4094000 flushing nmethod 0x00007fc7b11606d0
Event: 4,864 Thread 0x00007fc7b4094000 flushing nmethod 0x00007fc7b116b490
Event: 4,866 Thread 0x00007fc7b4094000 flushing nmethod 0x00007fc7b116f4d0
Event: 4,866 Thread 0x00007fc7b4094000 flushing nmethod 0x00007fc7b116f750
Event: 4,866 Thread 0x00007fc7b4094000 flushing nmethod 0x00007fc7b1170490
Event: 4,875 Thread 0x00007fc7b400a800 Uncommon trap: trap_request=0xffffff86 fr.pc=0x00007fc7b11dbc10
Event: 4,875 Thread 0x00007fc7b400a800 DEOPT PACKING pc=0x00007fc7b11dbc10 sp=0x00007fc7bb325470
Event: 4,875 Thread 0x00007fc7b400a800 DEOPT UNPACKING pc=0x00007fc7b1039445 sp=0x00007fc7bb325460 mode 2
Event: 4,958 Executing VM operation: ParallelGCFailedAllocation


Dynamic libraries:
00400000-00401000 r-xp 00000000 fc:00 8783305                            /usr/lib/jvm/java-7-oracle/bin/java
00600000-00601000 rw-p 00000000 fc:00 8783305                            /usr/lib/jvm/java-7-oracle/bin/java
013a8000-013c9000 rw-p 00000000 00:00 0                                  [heap]
bae00000-bc300000 rw-p 00000000 00:00 0 
bc300000-c0000000 rw-p 00000000 00:00 0 
c0000000-c2880000 rw-p 00000000 00:00 0 
c2880000-eaa80000 rw-p 00000000 00:00 0 
eaa80000-eed80000 rw-p 00000000 00:00 0 
f4980000-100000000 rw-p 00000000 00:00 0 
7fc774000000-7fc774021000 rw-p 00000000 00:00 0 
7fc774021000-7fc778000000 ---p 00000000 00:00 0 
7fc77c000000-7fc77c776000 rw-p 00000000 00:00 0 
7fc77c776000-7fc780000000 ---p 00000000 00:00 0 
7fc780000000-7fc780021000 rw-p 00000000 00:00 0 
7fc780021000-7fc784000000 ---p 00000000 00:00 0 
7fc784000000-7fc784021000 rw-p 00000000 00:00 0 
7fc784021000-7fc788000000 ---p 00000000 00:00 0 
7fc788000000-7fc788a29000 rw-p 00000000 00:00 0 
7fc788a29000-7fc78c000000 ---p 00000000 00:00 0 
7fc78c000000-7fc78c021000 rw-p 00000000 00:00 0 
7fc78c021000-7fc790000000 ---p 00000000 00:00 0 
7fc790000000-7fc790021000 rw-p 00000000 00:00 0 
7fc790021000-7fc794000000 ---p 00000000 00:00 0 
7fc794000000-7fc794021000 rw-p 00000000 00:00 0 
7fc794021000-7fc798000000 ---p 00000000 00:00 0 
7fc79c000000-7fc79c021000 rw-p 00000000 00:00 0 
7fc79c021000-7fc7a0000000 ---p 00000000 00:00 0 
7fc7a0000000-7fc7a00e5000 rw-p 00000000 00:00 0 
7fc7a00e5000-7fc7a4000000 ---p 00000000 00:00 0 
7fc7a4000000-7fc7a4021000 rw-p 00000000 00:00 0 
7fc7a4021000-7fc7a8000000 ---p 00000000 00:00 0 
7fc7a80e0000-7fc7a824d000 rw-p 00000000 00:00 0 
7fc7a824d000-7fc7a8264000 r-xp 00000000 fc:00 9178036                    /usr/lib/jvm/java-7-oracle/jre/lib/amd64/libnet.so
7fc7a8264000-7fc7a8463000 ---p 00017000 fc:00 9178036                    /usr/lib/jvm/java-7-oracle/jre/lib/amd64/libnet.so
7fc7a8463000-7fc7a8464000 rw-p 00016000 fc:00 9178036                    /usr/lib/jvm/java-7-oracle/jre/lib/amd64/libnet.so
7fc7a8464000-7fc7a8474000 r-xp 00000000 fc:00 9178120                    /usr/lib/jvm/java-7-oracle/jre/lib/amd64/libnio.so
7fc7a8474000-7fc7a8674000 ---p 00010000 fc:00 9178120                    /usr/lib/jvm/java-7-oracle/jre/lib/amd64/libnio.so
7fc7a8674000-7fc7a8675000 rw-p 00010000 fc:00 9178120                    /usr/lib/jvm/java-7-oracle/jre/lib/amd64/libnio.so
7fc7a8675000-7fc7a8676000 ---p 00000000 00:00 0 
7fc7a8676000-7fc7a8776000 rw-p 00000000 00:00 0                          [stack:7276]
7fc7a8776000-7fc7a8779000 ---p 00000000 00:00 0 
7fc7a8779000-7fc7a8877000 rw-p 00000000 00:00 0                          [stack:7275]
7fc7a8877000-7fc7a887a000 ---p 00000000 00:00 0 
7fc7a887a000-7fc7a8978000 rw-p 00000000 00:00 0                          [stack:7274]
7fc7a8978000-7fc7a897b000 ---p 00000000 00:00 0 
7fc7a897b000-7fc7a8a79000 rw-p 00000000 00:00 0                          [stack:7273]
7fc7a8a79000-7fc7a8a7c000 ---p 00000000 00:00 0 
7fc7a8a7c000-7fc7a8b7a000 rw-p 00000000 00:00 0                          [stack:7272]
7fc7a8b7a000-7fc7a9265000 r--p 00000000 fc:00 7608947                    /usr/lib/locale/locale-archive
7fc7a9265000-7fc7a9268000 ---p 00000000 00:00 0 
7fc7a9268000-7fc7a9366000 rw-p 00000000 00:00 0                          [stack:7271]
7fc7a9366000-7fc7a9369000 ---p 00000000 00:00 0 
7fc7a9369000-7fc7a9467000 rw-p 00000000 00:00 0                          [stack:7270]
7fc7a9467000-7fc7a9468000 ---p 00000000 00:00 0 
7fc7a9468000-7fc7ac000000 rw-p 00000000 00:00 0                          [stack:7269]
7fc7ac000000-7fc7ac021000 rw-p 00000000 00:00 0 
7fc7ac021000-7fc7b0000000 ---p 00000000 00:00 0 
7fc7b0061000-7fc7b0068000 r--s 00000000 fc:00 8001346                    /usr/lib/x86_64-linux-gnu/gconv/gconv-modules.cache
7fc7b0068000-7fc7b008e000 r--p 00000000 fc:00 9308354                    /usr/share/locale-langpack/es/LC_MESSAGES/libc.mo
7fc7b008e000-7fc7b0843000 rw-p 00000000 00:00 0 
7fc7b0843000-7fc7b0a03000 r--s 039fb000 fc:00 8784165                    /usr/lib/jvm/java-7-oracle/jre/lib/rt.jar
7fc7b0a03000-7fc7b0cfd000 rw-p 00000000 00:00 0 
7fc7b0cfd000-7fc7b0cfe000 ---p 00000000 00:00 0 
7fc7b0cfe000-7fc7b0dfe000 rw-p 00000000 00:00 0                          [stack:7268]
7fc7b0dfe000-7fc7b0dff000 ---p 00000000 00:00 0 
7fc7b0dff000-7fc7b0eff000 rw-p 00000000 00:00 0                          [stack:7267]
7fc7b0eff000-7fc7b0f00000 ---p 00000000 00:00 0 
7fc7b0f00000-7fc7b1000000 rw-p 00000000 00:00 0                          [stack:7266]
7fc7b1000000-7fc7b1270000 rwxp 00000000 00:00 0 
7fc7b1270000-7fc7b4229000 rw-p 00000000 00:00 0 
7fc7b4229000-7fc7b8000000 ---p 00000000 00:00 0 
7fc7b8000000-7fc7b806a000 rw-p 00000000 00:00 0 
7fc7b806a000-7fc7b806b000 ---p 00000000 00:00 0 
7fc7b806b000-7fc7b8176000 rw-p 00000000 00:00 0                          [stack:7265]
7fc7b8176000-7fc7b8194000 rw-p 00000000 00:00 0 
7fc7b8194000-7fc7b81a9000 rw-p 00000000 00:00 0 
7fc7b81a9000-7fc7b82ea000 rw-p 00000000 00:00 0 
7fc7b82ea000-7fc7b82f5000 rw-p 00000000 00:00 0 
7fc7b82f5000-7fc7b8313000 rw-p 00000000 00:00 0 
7fc7b8313000-7fc7b8328000 rw-p 00000000 00:00 0 
7fc7b8328000-7fc7b8468000 rw-p 00000000 00:00 0 
7fc7b8468000-7fc7b848a000 rw-p 00000000 00:00 0 
7fc7b848a000-7fc7b8513000 rw-p 00000000 00:00 0 
7fc7b8513000-7fc7b8514000 rw-p 00000000 00:00 0 
7fc7b8514000-7fc7b852b000 r-xp 00000000 fc:00 9178248                    /usr/lib/jvm/java-7-oracle/jre/lib/amd64/libzip.so
7fc7b852b000-7fc7b872b000 ---p 00017000 fc:00 9178248                    /usr/lib/jvm/java-7-oracle/jre/lib/amd64/libzip.so
7fc7b872b000-7fc7b872c000 rw-p 00017000 fc:00 9178248                    /usr/lib/jvm/java-7-oracle/jre/lib/amd64/libzip.so
7fc7b872c000-7fc7b8737000 r-xp 00000000 fc:00 4330165                    /lib/x86_64-linux-gnu/libnss_files-2.19.so
7fc7b8737000-7fc7b8936000 ---p 0000b000 fc:00 4330165                    /lib/x86_64-linux-gnu/libnss_files-2.19.so
7fc7b8936000-7fc7b8937000 r--p 0000a000 fc:00 4330165                    /lib/x86_64-linux-gnu/libnss_files-2.19.so
7fc7b8937000-7fc7b8938000 rw-p 0000b000 fc:00 4330165                    /lib/x86_64-linux-gnu/libnss_files-2.19.so
7fc7b8938000-7fc7b8943000 r-xp 00000000 fc:00 4330185                    /lib/x86_64-linux-gnu/libnss_nis-2.19.so
7fc7b8943000-7fc7b8b42000 ---p 0000b000 fc:00 4330185                    /lib/x86_64-linux-gnu/libnss_nis-2.19.so
7fc7b8b42000-7fc7b8b43000 r--p 0000a000 fc:00 4330185                    /lib/x86_64-linux-gnu/libnss_nis-2.19.so
7fc7b8b43000-7fc7b8b44000 rw-p 0000b000 fc:00 4330185                    /lib/x86_64-linux-gnu/libnss_nis-2.19.so
7fc7b8b44000-7fc7b8b5b000 r-xp 00000000 fc:00 4330174                    /lib/x86_64-linux-gnu/libnsl-2.19.so
7fc7b8b5b000-7fc7b8d5a000 ---p 00017000 fc:00 4330174                    /lib/x86_64-linux-gnu/libnsl-2.19.so
7fc7b8d5a000-7fc7b8d5b000 r--p 00016000 fc:00 4330174                    /lib/x86_64-linux-gnu/libnsl-2.19.so
7fc7b8d5b000-7fc7b8d5c000 rw-p 00017000 fc:00 4330174                    /lib/x86_64-linux-gnu/libnsl-2.19.so
7fc7b8d5c000-7fc7b8d5e000 rw-p 00000000 00:00 0 
7fc7b8d5e000-7fc7b8d67000 r-xp 00000000 fc:00 4330173                    /lib/x86_64-linux-gnu/libnss_compat-2.19.so
7fc7b8d67000-7fc7b8f66000 ---p 00009000 fc:00 4330173                    /lib/x86_64-linux-gnu/libnss_compat-2.19.so
7fc7b8f66000-7fc7b8f67000 r--p 00008000 fc:00 4330173                    /lib/x86_64-linux-gnu/libnss_compat-2.19.so
7fc7b8f67000-7fc7b8f68000 rw-p 00009000 fc:00 4330173                    /lib/x86_64-linux-gnu/libnss_compat-2.19.so
7fc7b8f68000-7fc7b8f91000 r-xp 00000000 fc:00 9178609                    /usr/lib/jvm/java-7-oracle/jre/lib/amd64/libjava.so
7fc7b8f91000-7fc7b9191000 ---p 00029000 fc:00 9178609                    /usr/lib/jvm/java-7-oracle/jre/lib/amd64/libjava.so
7fc7b9191000-7fc7b9193000 rw-p 00029000 fc:00 9178609                    /usr/lib/jvm/java-7-oracle/jre/lib/amd64/libjava.so
7fc7b9193000-7fc7b91a0000 r-xp 00000000 fc:00 9178606                    /usr/lib/jvm/java-7-oracle/jre/lib/amd64/libverify.so
7fc7b91a0000-7fc7b939f000 ---p 0000d000 fc:00 9178606                    /usr/lib/jvm/java-7-oracle/jre/lib/amd64/libverify.so
7fc7b939f000-7fc7b93a1000 rw-p 0000c000 fc:00 9178606                    /usr/lib/jvm/java-7-oracle/jre/lib/amd64/libverify.so
7fc7b93a1000-7fc7b93a8000 r-xp 00000000 fc:00 4330182                    /lib/x86_64-linux-gnu/librt-2.19.so
7fc7b93a8000-7fc7b95a7000 ---p 00007000 fc:00 4330182                    /lib/x86_64-linux-gnu/librt-2.19.so
7fc7b95a7000-7fc7b95a8000 r--p 00006000 fc:00 4330182                    /lib/x86_64-linux-gnu/librt-2.19.so
7fc7b95a8000-7fc7b95a9000 rw-p 00007000 fc:00 4330182                    /lib/x86_64-linux-gnu/librt-2.19.so
7fc7b95a9000-7fc7b96ae000 r-xp 00000000 fc:00 4330132                    /lib/x86_64-linux-gnu/libm-2.19.so
7fc7b96ae000-7fc7b98ad000 ---p 00105000 fc:00 4330132                    /lib/x86_64-linux-gnu/libm-2.19.so
7fc7b98ad000-7fc7b98ae000 r--p 00104000 fc:00 4330132                    /lib/x86_64-linux-gnu/libm-2.19.so
7fc7b98ae000-7fc7b98af000 rw-p 00105000 fc:00 4330132                    /lib/x86_64-linux-gnu/libm-2.19.so
7fc7b98af000-7fc7ba425000 r-xp 00000000 fc:00 9183310                    /usr/lib/jvm/java-7-oracle/jre/lib/amd64/server/libjvm.so
7fc7ba425000-7fc7ba624000 ---p 00b76000 fc:00 9183310                    /usr/lib/jvm/java-7-oracle/jre/lib/amd64/server/libjvm.so
7fc7ba624000-7fc7ba6e8000 rw-p 00b75000 fc:00 9183310                    /usr/lib/jvm/java-7-oracle/jre/lib/amd64/server/libjvm.so
7fc7ba6e8000-7fc7ba729000 rw-p 00000000 00:00 0 
7fc7ba729000-7fc7ba8e4000 r-xp 00000000 fc:00 4330179                    /lib/x86_64-linux-gnu/libc-2.19.so
7fc7ba8e4000-7fc7baae3000 ---p 001bb000 fc:00 4330179                    /lib/x86_64-linux-gnu/libc-2.19.so
7fc7baae3000-7fc7baae7000 r--p 001ba000 fc:00 4330179                    /lib/x86_64-linux-gnu/libc-2.19.so
7fc7baae7000-7fc7baae9000 rw-p 001be000 fc:00 4330179                    /lib/x86_64-linux-gnu/libc-2.19.so
7fc7baae9000-7fc7baaee000 rw-p 00000000 00:00 0 
7fc7baaee000-7fc7baaf1000 r-xp 00000000 fc:00 4330168                    /lib/x86_64-linux-gnu/libdl-2.19.so
7fc7baaf1000-7fc7bacf0000 ---p 00003000 fc:00 4330168                    /lib/x86_64-linux-gnu/libdl-2.19.so
7fc7bacf0000-7fc7bacf1000 r--p 00002000 fc:00 4330168                    /lib/x86_64-linux-gnu/libdl-2.19.so
7fc7bacf1000-7fc7bacf2000 rw-p 00003000 fc:00 4330168                    /lib/x86_64-linux-gnu/libdl-2.19.so
7fc7bacf2000-7fc7bad07000 r-xp 00000000 fc:00 10752130                   /usr/lib/jvm/java-7-oracle/lib/amd64/jli/libjli.so
7fc7bad07000-7fc7baf06000 ---p 00015000 fc:00 10752130                   /usr/lib/jvm/java-7-oracle/lib/amd64/jli/libjli.so
7fc7baf06000-7fc7baf07000 rw-p 00014000 fc:00 10752130                   /usr/lib/jvm/java-7-oracle/lib/amd64/jli/libjli.so
7fc7baf07000-7fc7baf20000 r-xp 00000000 fc:00 4330180                    /lib/x86_64-linux-gnu/libpthread-2.19.so
7fc7baf20000-7fc7bb11f000 ---p 00019000 fc:00 4330180                    /lib/x86_64-linux-gnu/libpthread-2.19.so
7fc7bb11f000-7fc7bb120000 r--p 00018000 fc:00 4330180                    /lib/x86_64-linux-gnu/libpthread-2.19.so
7fc7bb120000-7fc7bb121000 rw-p 00019000 fc:00 4330180                    /lib/x86_64-linux-gnu/libpthread-2.19.so
7fc7bb121000-7fc7bb125000 rw-p 00000000 00:00 0 
7fc7bb125000-7fc7bb148000 r-xp 00000000 fc:00 4330176                    /lib/x86_64-linux-gnu/ld-2.19.so
7fc7bb14c000-7fc7bb150000 r--s 0008b000 fc:00 8784163                    /usr/lib/jvm/java-7-oracle/jre/lib/jsse.jar
7fc7bb150000-7fc7bb170000 rw-p 00000000 00:00 0 
7fc7bb170000-7fc7bb226000 rw-p 00000000 00:00 0 
7fc7bb226000-7fc7bb229000 ---p 00000000 00:00 0 
7fc7bb229000-7fc7bb32c000 rw-p 00000000 00:00 0                          [stack:7264]
7fc7bb32c000-7fc7bb33b000 r--s 000dd000 00:18 5245451                    /home/andres/Android/Sdk/build-tools/21.1.2/lib/dx.jar
7fc7bb33b000-7fc7bb343000 rw-s 00000000 fc:00 2359328                    /tmp/hsperfdata_andres/7259
7fc7bb343000-7fc7bb344000 rw-p 00000000 00:00 0 
7fc7bb344000-7fc7bb345000 ---p 00000000 00:00 0 
7fc7bb345000-7fc7bb347000 rw-p 00000000 00:00 0 
7fc7bb347000-7fc7bb348000 r--p 00022000 fc:00 4330176                    /lib/x86_64-linux-gnu/ld-2.19.so
7fc7bb348000-7fc7bb349000 rw-p 00023000 fc:00 4330176                    /lib/x86_64-linux-gnu/ld-2.19.so
7fc7bb349000-7fc7bb34a000 rw-p 00000000 00:00 0 
7ffdba5cf000-7ffdba5f0000 rw-p 00000000 00:00 0                          [stack]
7ffdba5f1000-7ffdba5f3000 r-xp 00000000 00:00 0                          [vdso]
ffffffffff600000-ffffffffff601000 r-xp 00000000 00:00 0                  [vsyscall]

VM Arguments:
jvm_args: -Xmx1024M -Dfile.encoding=UTF-8 -Duser.country=CL -Duser.language=es -Duser.variant 
java_command: com.android.dx.command.Main --dex --output /home/andres/AndroidStudioProjects/Okey/app/build/intermediates/dex/debug /home/andres/AndroidStudioProjects/Okey/app/build/intermediates/classes/debug /home/andres/AndroidStudioProjects/Okey/app/build/intermediates/pre-dexed/debug/support-annotations-22.0.0-113f653ecc232b132ba0b549f663d482cf9aa47c.jar /home/andres/AndroidStudioProjects/Okey/app/build/intermediates/pre-dexed/debug/bolts-android-1.2.0-d357f9d93225b84417ced2b23c9eaa8cceda165d.jar /home/andres/AndroidStudioProjects/Okey/app/build/intermediates/pre-dexed/debug/butterknife-7.0.1-fd9f0fc9dede07088ba169f1f0c7bacba5341af9.jar /home/andres/AndroidStudioProjects/Okey/app/build/intermediates/pre-dexed/debug/internal_impl-22.0.0-ab0f2db1b321584a2d2ad347e269432948af5e6f.jar /home/andres/AndroidStudioProjects/Okey/app/build/intermediates/pre-dexed/debug/classes-c070f85aa93eea41120ab2683d150651adc84019.jar /home/andres/AndroidStudioProjects/Okey/app/build/intermediates/pre-dexed/debug/Parse-1.9.3-c88963e7e5964daadab6264f7f42967a03680962.jar /home/andres/AndroidStudioProjects/Okey/app/build/intermediates/pre-dexed/debug/classes-0c82186deb0b3e3e14700f17961e0b1b414fc436.jar
Launcher Type: SUN_STANDARD

Environment Variables:
PATH=/home/andres/.rvm/gems/ruby-2.2.0/bin:/home/andres/.rvm/gems/ruby-2.2.0@global/bin:/home/andres/.rvm/rubies/ruby-2.2.0/bin:/usr/local/sbin:/usr/local/bin:/usr/sbin:/usr/bin:/sbin:/bin:/usr/games:/usr/local/games:/home/andres/.rvm/bin
LD_LIBRARY_PATH=/home/andres/Programas/AndroidStudio/bin:
SHELL=/bin/bash
DISPLAY=:0.0

Signal Handlers:
SIGSEGV: [libjvm.so+0x9a3b20], sa_mask[0]=0x7ffbfeff, sa_flags=0x10000004
SIGBUS: [libjvm.so+0x9a3b20], sa_mask[0]=0x7ffbfeff, sa_flags=0x10000004
SIGFPE: [libjvm.so+0x81e740], sa_mask[0]=0x7ffbfeff, sa_flags=0x10000004
SIGPIPE: [libjvm.so+0x81e740], sa_mask[0]=0x7ffbfeff, sa_flags=0x10000004
SIGXFSZ: [libjvm.so+0x81e740], sa_mask[0]=0x7ffbfeff, sa_flags=0x10000004
SIGILL: [libjvm.so+0x81e740], sa_mask[0]=0x7ffbfeff, sa_flags=0x10000004
SIGUSR1: SIG_DFL, sa_mask[0]=0x00000000, sa_flags=0x00000000
SIGUSR2: [libjvm.so+0x81ffb0], sa_mask[0]=0x00000004, sa_flags=0x10000004
SIGHUP: [libjvm.so+0x8210d0], sa_mask[0]=0x7ffbfeff, sa_flags=0x10000004
SIGINT: [libjvm.so+0x8210d0], sa_mask[0]=0x7ffbfeff, sa_flags=0x10000004
SIGTERM: [libjvm.so+0x8210d0], sa_mask[0]=0x7ffbfeff, sa_flags=0x10000004
SIGQUIT: [libjvm.so+0x8210d0], sa_mask[0]=0x7ffbfeff, sa_flags=0x10000004


---------------  S Y S T E M  ---------------

OS:jessie/sid

uname:Linux 3.13.0-61-generic #100-Ubuntu SMP Wed Jul 29 11:21:34 UTC 2015 x86_64
libc:glibc 2.19 NPTL 2.19 
rlimit: STACK 8192k, CORE 0k, NPROC 30933, NOFILE 4096, AS infinity
load average:1,55 1,06 0,75

/proc/meminfo:
MemTotal:        3990012 kB
MemFree:           90756 kB
Buffers:             988 kB
Cached:           340204 kB
SwapCached:            0 kB
Active:          3384140 kB
Inactive:         316848 kB
Active(anon):    3368408 kB
Inactive(anon):   305076 kB
Active(file):      15732 kB
Inactive(file):    11772 kB
Unevictable:         172 kB
Mlocked:             172 kB
SwapTotal:             0 kB
SwapFree:              0 kB
Dirty:              1896 kB
Writeback:             0 kB
AnonPages:       3360532 kB
Mapped:           175992 kB
Shmem:            313192 kB
Slab:              84760 kB
SReclaimable:      34644 kB
SUnreclaim:        50116 kB
KernelStack:        5344 kB
PageTables:        47376 kB
NFS_Unstable:          0 kB
Bounce:                0 kB
WritebackTmp:          0 kB
CommitLimit:     1995004 kB
Committed_AS:    7888904 kB
VmallocTotal:   34359738367 kB
VmallocUsed:      347440 kB
VmallocChunk:   34359383500 kB
HardwareCorrupted:     0 kB
AnonHugePages:   1173504 kB
HugePages_Total:       0
HugePages_Free:        0
HugePages_Rsvd:        0
HugePages_Surp:        0
Hugepagesize:       2048 kB
DirectMap4k:       96512 kB
DirectMap2M:     4040704 kB


CPU:total 4 (2 cores per cpu, 2 threads per core) family 6 model 42 stepping 7, cmov, cx8, fxsr, mmx, sse, sse2, sse3, ssse3, sse4.1, sse4.2, popcnt, avx, aes, ht, tsc, tscinvbit

/proc/cpuinfo:
processor	: 0
vendor_id	: GenuineIntel
cpu family	: 6
model		: 42
model name	: Intel(R) Core(TM) i5-2450M CPU @ 2.50GHz
stepping	: 7
microcode	: 0x25
cpu MHz		: 800.000
cache size	: 3072 KB
physical id	: 0
siblings	: 4
core id		: 0
cpu cores	: 2
apicid		: 0
initial apicid	: 0
fpu		: yes
fpu_exception	: yes
cpuid level	: 13
wp		: yes
flags		: fpu vme de pse tsc msr pae mce cx8 apic sep mtrr pge mca cmov pat pse36 clflush dts acpi mmx fxsr sse sse2 ss ht tm pbe syscall nx rdtscp lm constant_tsc arch_perfmon pebs bts rep_good nopl xtopology nonstop_tsc aperfmperf eagerfpu pni pclmulqdq dtes64 monitor ds_cpl vmx est tm2 ssse3 cx16 xtpr pdcm pcid sse4_1 sse4_2 x2apic popcnt tsc_deadline_timer aes xsave avx lahf_lm ida arat epb xsaveopt pln pts dtherm tpr_shadow vnmi flexpriority ept vpid
bogomips	: 4988.49
clflush size	: 64
cache_alignment	: 64
address sizes	: 36 bits physical, 48 bits virtual
power management:

processor	: 1
vendor_id	: GenuineIntel
cpu family	: 6
model		: 42
model name	: Intel(R) Core(TM) i5-2450M CPU @ 2.50GHz
stepping	: 7
microcode	: 0x25
cpu MHz		: 2501.000
cache size	: 3072 KB
physical id	: 0
siblings	: 4
core id		: 0
cpu cores	: 2
apicid		: 1
initial apicid	: 1
fpu		: yes
fpu_exception	: yes
cpuid level	: 13
wp		: yes
flags		: fpu vme de pse tsc msr pae mce cx8 apic sep mtrr pge mca cmov pat pse36 clflush dts acpi mmx fxsr sse sse2 ss ht tm pbe syscall nx rdtscp lm constant_tsc arch_perfmon pebs bts rep_good nopl xtopology nonstop_tsc aperfmperf eagerfpu pni pclmulqdq dtes64 monitor ds_cpl vmx est tm2 ssse3 cx16 xtpr pdcm pcid sse4_1 sse4_2 x2apic popcnt tsc_deadline_timer aes xsave avx lahf_lm ida arat epb xsaveopt pln pts dtherm tpr_shadow vnmi flexpriority ept vpid
bogomips	: 4988.49
clflush size	: 64
cache_alignment	: 64
address sizes	: 36 bits physical, 48 bits virtual
power management:

processor	: 2
vendor_id	: GenuineIntel
cpu family	: 6
model		: 42
model name	: Intel(R) Core(TM) i5-2450M CPU @ 2.50GHz
stepping	: 7
microcode	: 0x25
cpu MHz		: 2501.000
cache size	: 3072 KB
physical id	: 0
siblings	: 4
core id		: 1
cpu cores	: 2
apicid		: 2
initial apicid	: 2
fpu		: yes
fpu_exception	: yes
cpuid level	: 13
wp		: yes
flags		: fpu vme de pse tsc msr pae mce cx8 apic sep mtrr pge mca cmov pat pse36 clflush dts acpi mmx fxsr sse sse2 ss ht tm pbe syscall nx rdtscp lm constant_tsc arch_perfmon pebs bts rep_good nopl xtopology nonstop_tsc aperfmperf eagerfpu pni pclmulqdq dtes64 monitor ds_cpl vmx est tm2 ssse3 cx16 xtpr pdcm pcid sse4_1 sse4_2 x2apic popcnt tsc_deadline_timer aes xsave avx lahf_lm ida arat epb xsaveopt pln pts dtherm tpr_shadow vnmi flexpriority ept vpid
bogomips	: 4988.49
clflush size	: 64
cache_alignment	: 64
address sizes	: 36 bits physical, 48 bits virtual
power management:

processor	: 3
vendor_id	: GenuineIntel
cpu family	: 6
model		: 42
model name	: Intel(R) Core(TM) i5-2450M CPU @ 2.50GHz
stepping	: 7
microcode	: 0x25
cpu MHz		: 800.000
cache size	: 3072 KB
physical id	: 0
siblings	: 4
core id		: 1
cpu cores	: 2
apicid		: 3
initial apicid	: 3
fpu		: yes
fpu_exception	: yes
cpuid level	: 13
wp		: yes
flags		: fpu vme de pse tsc msr pae mce cx8 apic sep mtrr pge mca cmov pat pse36 clflush dts acpi mmx fxsr sse sse2 ss ht tm pbe syscall nx rdtscp lm constant_tsc arch_perfmon pebs bts rep_good nopl xtopology nonstop_tsc aperfmperf eagerfpu pni pclmulqdq dtes64 monitor ds_cpl vmx est tm2 ssse3 cx16 xtpr pdcm pcid sse4_1 sse4_2 x2apic popcnt tsc_deadline_timer aes xsave avx lahf_lm ida arat epb xsaveopt pln pts dtherm tpr_shadow vnmi flexpriority ept vpid
bogomips	: 4988.49
clflush size	: 64
cache_alignment	: 64
address sizes	: 36 bits physical, 48 bits virtual
power management:



Memory: 4k page, physical 3990012k(90756k free), swap 0k(0k free)

vm_info: Java HotSpot(TM) 64-Bit Server VM (24.80-b11) for linux-amd64 JRE (1.7.0_80-b15), built on Apr 10 2015 19:53:14 by "java_re" with gcc 4.3.0 20080428 (Red Hat 4.3.0-8)

time: Sun Aug  2 19:17:25 2015
elapsed time: 5 seconds

